{"message":"Listening on port 3000","level":"info"}
{"message":"Connected to database!","level":"info"}
{"message":"Listening on port 3000","level":"info"}
{"message":"Connected to database!","level":"info"}
{"message":"Listening on port 3000","level":"info"}
{"message":"Connected to database!","level":"info"}
{"message":"Listening on port 3000","level":"info"}
{"message":"Connected to database!","level":"info"}
{"message":"Listening on port 3000","level":"info"}
{"message":"Connected to database!","level":"info"}
{"message":"::1 - - [17/Jan/2021:08:51:22 +0000] \"OPTIONS /api/customer/?pageSize=3&pageNumber=0&filter=&sortOrder=asc HTTP/1.1\" 200 13 \"http://localhost:4200/\" \"Mozilla/5.0 (Windows NT 6.3; Win64; x64) AppleWebKit/537.36 (KHTML, like Gecko) Chrome/87.0.4280.141 Safari/537.36\"\n","level":"info"}
{"message":"::1 - - [17/Jan/2021:08:51:22 +0000] \"GET /api/customer/?pageSize=3&pageNumber=0&filter=&sortOrder=asc HTTP/1.1\" 304 - \"http://localhost:4200/\" \"Mozilla/5.0 (Windows NT 6.3; Win64; x64) AppleWebKit/537.36 (KHTML, like Gecko) Chrome/87.0.4280.141 Safari/537.36\"\n","level":"info"}
{"message":"::1 - - [17/Jan/2021:09:25:30 +0000] \"OPTIONS /api/customer/?pageSize=3&pageNumber=0&filter=&sortOrder=asc HTTP/1.1\" 200 13 \"http://localhost:4200/\" \"Mozilla/5.0 (Windows NT 6.3; Win64; x64) AppleWebKit/537.36 (KHTML, like Gecko) Chrome/87.0.4280.141 Safari/537.36\"\n","level":"info"}
{"message":"::1 - - [17/Jan/2021:09:25:30 +0000] \"GET /api/customer/?pageSize=3&pageNumber=0&filter=&sortOrder=asc HTTP/1.1\" 304 - \"http://localhost:4200/\" \"Mozilla/5.0 (Windows NT 6.3; Win64; x64) AppleWebKit/537.36 (KHTML, like Gecko) Chrome/87.0.4280.141 Safari/537.36\"\n","level":"info"}
{"message":"::1 - - [17/Jan/2021:09:35:16 +0000] \"OPTIONS /api/util/countries HTTP/1.1\" 200 8 \"http://localhost:4200/\" \"Mozilla/5.0 (Windows NT 6.3; Win64; x64) AppleWebKit/537.36 (KHTML, like Gecko) Chrome/87.0.4280.141 Safari/537.36\"\n","level":"info"}
{"message":"::1 - - [17/Jan/2021:09:35:16 +0000] \"OPTIONS /api/product/ HTTP/1.1\" 200 8 \"http://localhost:4200/\" \"Mozilla/5.0 (Windows NT 6.3; Win64; x64) AppleWebKit/537.36 (KHTML, like Gecko) Chrome/87.0.4280.141 Safari/537.36\"\n","level":"info"}
{"message":"::1 - - [17/Jan/2021:09:35:16 +0000] \"GET /api/product/ HTTP/1.1\" 304 - \"http://localhost:4200/\" \"Mozilla/5.0 (Windows NT 6.3; Win64; x64) AppleWebKit/537.36 (KHTML, like Gecko) Chrome/87.0.4280.141 Safari/537.36\"\n","level":"info"}
{"message":"::1 - - [17/Jan/2021:09:35:17 +0000] \"GET /api/util/countries HTTP/1.1\" 304 - \"http://localhost:4200/\" \"Mozilla/5.0 (Windows NT 6.3; Win64; x64) AppleWebKit/537.36 (KHTML, like Gecko) Chrome/87.0.4280.141 Safari/537.36\"\n","level":"info"}
{"message":"::1 - - [17/Jan/2021:09:44:54 +0000] \"OPTIONS /api/user//login HTTP/1.1\" 200 4 \"http://localhost:4200/\" \"Mozilla/5.0 (Windows NT 6.3; Win64; x64) AppleWebKit/537.36 (KHTML, like Gecko) Chrome/87.0.4280.141 Safari/537.36\"\n","level":"info"}
{"message":"::1 - - [17/Jan/2021:09:44:54 +0000] \"POST /api/user//login HTTP/1.1\" 200 274 \"http://localhost:4200/\" \"Mozilla/5.0 (Windows NT 6.3; Win64; x64) AppleWebKit/537.36 (KHTML, like Gecko) Chrome/87.0.4280.141 Safari/537.36\"\n","level":"info"}
{"message":"::1 - - [17/Jan/2021:09:44:54 +0000] \"OPTIONS /api/customer/?pageSize=3&pageNumber=0&filter=&sortOrder=asc HTTP/1.1\" 200 13 \"http://localhost:4200/\" \"Mozilla/5.0 (Windows NT 6.3; Win64; x64) AppleWebKit/537.36 (KHTML, like Gecko) Chrome/87.0.4280.141 Safari/537.36\"\n","level":"info"}
{"message":"::1 - - [17/Jan/2021:09:44:54 +0000] \"GET /api/customer/?pageSize=3&pageNumber=0&filter=&sortOrder=asc HTTP/1.1\" 304 - \"http://localhost:4200/\" \"Mozilla/5.0 (Windows NT 6.3; Win64; x64) AppleWebKit/537.36 (KHTML, like Gecko) Chrome/87.0.4280.141 Safari/537.36\"\n","level":"info"}
{"message":"::1 - - [17/Jan/2021:09:44:57 +0000] \"OPTIONS /api/util/countries HTTP/1.1\" 200 8 \"http://localhost:4200/\" \"Mozilla/5.0 (Windows NT 6.3; Win64; x64) AppleWebKit/537.36 (KHTML, like Gecko) Chrome/87.0.4280.141 Safari/537.36\"\n","level":"info"}
{"message":"::1 - - [17/Jan/2021:09:44:57 +0000] \"OPTIONS /api/product/ HTTP/1.1\" 200 8 \"http://localhost:4200/\" \"Mozilla/5.0 (Windows NT 6.3; Win64; x64) AppleWebKit/537.36 (KHTML, like Gecko) Chrome/87.0.4280.141 Safari/537.36\"\n","level":"info"}
{"message":"::1 - - [17/Jan/2021:09:44:57 +0000] \"GET /api/product/ HTTP/1.1\" 304 - \"http://localhost:4200/\" \"Mozilla/5.0 (Windows NT 6.3; Win64; x64) AppleWebKit/537.36 (KHTML, like Gecko) Chrome/87.0.4280.141 Safari/537.36\"\n","level":"info"}
{"message":"::1 - - [17/Jan/2021:09:44:57 +0000] \"GET /api/util/countries HTTP/1.1\" 304 - \"http://localhost:4200/\" \"Mozilla/5.0 (Windows NT 6.3; Win64; x64) AppleWebKit/537.36 (KHTML, like Gecko) Chrome/87.0.4280.141 Safari/537.36\"\n","level":"info"}
{"message":"::1 - - [17/Jan/2021:09:46:45 +0000] \"OPTIONS /api/util/countries HTTP/1.1\" 200 8 \"http://localhost:4200/\" \"Mozilla/5.0 (Windows NT 6.3; Win64; x64) AppleWebKit/537.36 (KHTML, like Gecko) Chrome/87.0.4280.141 Safari/537.36\"\n","level":"info"}
{"message":"::1 - - [17/Jan/2021:09:46:45 +0000] \"OPTIONS /api/product/ HTTP/1.1\" 200 8 \"http://localhost:4200/\" \"Mozilla/5.0 (Windows NT 6.3; Win64; x64) AppleWebKit/537.36 (KHTML, like Gecko) Chrome/87.0.4280.141 Safari/537.36\"\n","level":"info"}
{"message":"::1 - - [17/Jan/2021:09:46:45 +0000] \"GET /api/product/ HTTP/1.1\" 304 - \"http://localhost:4200/\" \"Mozilla/5.0 (Windows NT 6.3; Win64; x64) AppleWebKit/537.36 (KHTML, like Gecko) Chrome/87.0.4280.141 Safari/537.36\"\n","level":"info"}
{"message":"::1 - - [17/Jan/2021:09:46:45 +0000] \"GET /api/util/countries HTTP/1.1\" 304 - \"http://localhost:4200/\" \"Mozilla/5.0 (Windows NT 6.3; Win64; x64) AppleWebKit/537.36 (KHTML, like Gecko) Chrome/87.0.4280.141 Safari/537.36\"\n","level":"info"}
{"message":"::1 - - [17/Jan/2021:09:52:34 +0000] \"OPTIONS /api/util/countries HTTP/1.1\" 200 8 \"http://localhost:4200/\" \"Mozilla/5.0 (Windows NT 6.3; Win64; x64) AppleWebKit/537.36 (KHTML, like Gecko) Chrome/87.0.4280.141 Safari/537.36\"\n","level":"info"}
{"message":"::1 - - [17/Jan/2021:09:52:34 +0000] \"OPTIONS /api/product/ HTTP/1.1\" 200 8 \"http://localhost:4200/\" \"Mozilla/5.0 (Windows NT 6.3; Win64; x64) AppleWebKit/537.36 (KHTML, like Gecko) Chrome/87.0.4280.141 Safari/537.36\"\n","level":"info"}
{"message":"::1 - - [17/Jan/2021:09:52:34 +0000] \"GET /api/product/ HTTP/1.1\" 304 - \"http://localhost:4200/\" \"Mozilla/5.0 (Windows NT 6.3; Win64; x64) AppleWebKit/537.36 (KHTML, like Gecko) Chrome/87.0.4280.141 Safari/537.36\"\n","level":"info"}
{"message":"::1 - - [17/Jan/2021:09:52:35 +0000] \"GET /api/util/countries HTTP/1.1\" 304 - \"http://localhost:4200/\" \"Mozilla/5.0 (Windows NT 6.3; Win64; x64) AppleWebKit/537.36 (KHTML, like Gecko) Chrome/87.0.4280.141 Safari/537.36\"\n","level":"info"}
{"message":"::1 - - [17/Jan/2021:09:54:44 +0000] \"OPTIONS /api/util/countries HTTP/1.1\" 200 8 \"http://localhost:4200/\" \"Mozilla/5.0 (Windows NT 6.3; Win64; x64) AppleWebKit/537.36 (KHTML, like Gecko) Chrome/87.0.4280.141 Safari/537.36\"\n","level":"info"}
{"message":"::1 - - [17/Jan/2021:09:54:44 +0000] \"OPTIONS /api/product/ HTTP/1.1\" 200 8 \"http://localhost:4200/\" \"Mozilla/5.0 (Windows NT 6.3; Win64; x64) AppleWebKit/537.36 (KHTML, like Gecko) Chrome/87.0.4280.141 Safari/537.36\"\n","level":"info"}
{"message":"::1 - - [17/Jan/2021:09:54:44 +0000] \"GET /api/product/ HTTP/1.1\" 304 - \"http://localhost:4200/\" \"Mozilla/5.0 (Windows NT 6.3; Win64; x64) AppleWebKit/537.36 (KHTML, like Gecko) Chrome/87.0.4280.141 Safari/537.36\"\n","level":"info"}
{"message":"::1 - - [17/Jan/2021:09:54:44 +0000] \"GET /api/util/countries HTTP/1.1\" 304 - \"http://localhost:4200/\" \"Mozilla/5.0 (Windows NT 6.3; Win64; x64) AppleWebKit/537.36 (KHTML, like Gecko) Chrome/87.0.4280.141 Safari/537.36\"\n","level":"info"}
{"message":"::1 - - [17/Jan/2021:09:56:04 +0000] \"OPTIONS /api/util/countries HTTP/1.1\" 200 8 \"http://localhost:4200/\" \"Mozilla/5.0 (Windows NT 6.3; Win64; x64) AppleWebKit/537.36 (KHTML, like Gecko) Chrome/87.0.4280.141 Safari/537.36\"\n","level":"info"}
{"message":"::1 - - [17/Jan/2021:09:56:04 +0000] \"OPTIONS /api/product/ HTTP/1.1\" 200 8 \"http://localhost:4200/\" \"Mozilla/5.0 (Windows NT 6.3; Win64; x64) AppleWebKit/537.36 (KHTML, like Gecko) Chrome/87.0.4280.141 Safari/537.36\"\n","level":"info"}
{"message":"::1 - - [17/Jan/2021:09:56:04 +0000] \"GET /api/product/ HTTP/1.1\" 304 - \"http://localhost:4200/\" \"Mozilla/5.0 (Windows NT 6.3; Win64; x64) AppleWebKit/537.36 (KHTML, like Gecko) Chrome/87.0.4280.141 Safari/537.36\"\n","level":"info"}
{"message":"::1 - - [17/Jan/2021:09:56:04 +0000] \"GET /api/util/countries HTTP/1.1\" 304 - \"http://localhost:4200/\" \"Mozilla/5.0 (Windows NT 6.3; Win64; x64) AppleWebKit/537.36 (KHTML, like Gecko) Chrome/87.0.4280.141 Safari/537.36\"\n","level":"info"}
{"message":"::1 - - [17/Jan/2021:09:56:54 +0000] \"OPTIONS /api/util/countries HTTP/1.1\" 200 8 \"http://localhost:4200/\" \"Mozilla/5.0 (Windows NT 6.3; Win64; x64) AppleWebKit/537.36 (KHTML, like Gecko) Chrome/87.0.4280.141 Safari/537.36\"\n","level":"info"}
{"message":"::1 - - [17/Jan/2021:09:56:54 +0000] \"OPTIONS /api/product/ HTTP/1.1\" 200 8 \"http://localhost:4200/\" \"Mozilla/5.0 (Windows NT 6.3; Win64; x64) AppleWebKit/537.36 (KHTML, like Gecko) Chrome/87.0.4280.141 Safari/537.36\"\n","level":"info"}
{"message":"::1 - - [17/Jan/2021:09:56:54 +0000] \"GET /api/product/ HTTP/1.1\" 304 - \"http://localhost:4200/\" \"Mozilla/5.0 (Windows NT 6.3; Win64; x64) AppleWebKit/537.36 (KHTML, like Gecko) Chrome/87.0.4280.141 Safari/537.36\"\n","level":"info"}
{"message":"::1 - - [17/Jan/2021:09:56:55 +0000] \"GET /api/util/countries HTTP/1.1\" 304 - \"http://localhost:4200/\" \"Mozilla/5.0 (Windows NT 6.3; Win64; x64) AppleWebKit/537.36 (KHTML, like Gecko) Chrome/87.0.4280.141 Safari/537.36\"\n","level":"info"}
{"message":"::1 - - [17/Jan/2021:09:57:54 +0000] \"OPTIONS /api/util/countries HTTP/1.1\" 200 8 \"http://localhost:4200/\" \"Mozilla/5.0 (Windows NT 6.3; Win64; x64) AppleWebKit/537.36 (KHTML, like Gecko) Chrome/87.0.4280.141 Safari/537.36\"\n","level":"info"}
{"message":"::1 - - [17/Jan/2021:09:57:54 +0000] \"OPTIONS /api/product/ HTTP/1.1\" 200 8 \"http://localhost:4200/\" \"Mozilla/5.0 (Windows NT 6.3; Win64; x64) AppleWebKit/537.36 (KHTML, like Gecko) Chrome/87.0.4280.141 Safari/537.36\"\n","level":"info"}
{"message":"::1 - - [17/Jan/2021:09:57:54 +0000] \"GET /api/product/ HTTP/1.1\" 304 - \"http://localhost:4200/\" \"Mozilla/5.0 (Windows NT 6.3; Win64; x64) AppleWebKit/537.36 (KHTML, like Gecko) Chrome/87.0.4280.141 Safari/537.36\"\n","level":"info"}
{"message":"::1 - - [17/Jan/2021:09:57:54 +0000] \"GET /api/util/countries HTTP/1.1\" 304 - \"http://localhost:4200/\" \"Mozilla/5.0 (Windows NT 6.3; Win64; x64) AppleWebKit/537.36 (KHTML, like Gecko) Chrome/87.0.4280.141 Safari/537.36\"\n","level":"info"}
{"message":"::1 - - [17/Jan/2021:10:11:16 +0000] \"OPTIONS /api/user//login HTTP/1.1\" 200 4 \"http://localhost:4200/\" \"Mozilla/5.0 (Windows NT 6.3; Win64; x64) AppleWebKit/537.36 (KHTML, like Gecko) Chrome/87.0.4280.141 Safari/537.36\"\n","level":"info"}
{"message":"::1 - - [17/Jan/2021:10:11:17 +0000] \"POST /api/user//login HTTP/1.1\" 200 274 \"http://localhost:4200/\" \"Mozilla/5.0 (Windows NT 6.3; Win64; x64) AppleWebKit/537.36 (KHTML, like Gecko) Chrome/87.0.4280.141 Safari/537.36\"\n","level":"info"}
{"message":"::1 - - [17/Jan/2021:10:11:17 +0000] \"OPTIONS /api/customer/?pageSize=3&pageNumber=0&filter=&sortOrder=asc HTTP/1.1\" 200 13 \"http://localhost:4200/\" \"Mozilla/5.0 (Windows NT 6.3; Win64; x64) AppleWebKit/537.36 (KHTML, like Gecko) Chrome/87.0.4280.141 Safari/537.36\"\n","level":"info"}
{"message":"::1 - - [17/Jan/2021:10:11:17 +0000] \"GET /api/customer/?pageSize=3&pageNumber=0&filter=&sortOrder=asc HTTP/1.1\" 304 - \"http://localhost:4200/\" \"Mozilla/5.0 (Windows NT 6.3; Win64; x64) AppleWebKit/537.36 (KHTML, like Gecko) Chrome/87.0.4280.141 Safari/537.36\"\n","level":"info"}
